<?xml version="1.0" encoding="UTF-8"?>
<testng-results ignored="0" total="1" passed="1" failed="0" skipped="0">
  <reporter-output>
    <line>
      <![CDATA[userID send]]>
    </line>
    <line>
      <![CDATA[password send]]>
    </line>
    <line>
      <![CDATA[login successfully]]>
    </line>
    <line>
      <![CDATA[sending pin]]>
    </line>
    <line>
      <![CDATA[cliked on continue button]]>
    </line>
    <line>
      <![CDATA[expected & actual user Id matched hence TC is passed]]>
    </line>
    <line>
      <![CDATA[test case is sucessed validateUserID]]>
    </line>
  </reporter-output>
  <suite started-at="2022-08-09T16:21:49 IST" name="Default suite" finished-at="2022-08-09T16:22:19 IST" duration-ms="29987">
    <groups>
    </groups>
    <test started-at="2022-08-09T16:21:49 IST" name="Default test" finished-at="2022-08-09T16:22:19 IST" duration-ms="29987">
      <class name="test_Package.TestClass_Use">
        <test-method is-config="true" signature="launchKite()[pri:0, instance:test_Package.TestClass_Use@1a18644]" started-at="2022-08-09T16:21:49 IST" name="launchKite" finished-at="2022-08-09T16:22:10 IST" duration-ms="21107" status="PASS">
          <reporter-output>
          </reporter-output>
        </test-method> <!-- launchKite -->
        <test-method is-config="true" signature="loginKite()[pri:0, instance:test_Package.TestClass_Use@1a18644]" started-at="2022-08-09T16:22:10 IST" name="loginKite" finished-at="2022-08-09T16:22:10 IST" duration-ms="807" status="PASS">
          <reporter-output>
            <line>
              <![CDATA[userID send]]>
            </line>
            <line>
              <![CDATA[password send]]>
            </line>
            <line>
              <![CDATA[login successfully]]>
            </line>
            <line>
              <![CDATA[sending pin]]>
            </line>
            <line>
              <![CDATA[cliked on continue button]]>
            </line>
          </reporter-output>
        </test-method> <!-- loginKite -->
        <test-method signature="validateUserID()[pri:0, instance:test_Package.TestClass_Use@1a18644]" started-at="2022-08-09T16:22:10 IST" name="validateUserID" finished-at="2022-08-09T16:22:16 IST" duration-ms="5421" status="PASS">
          <reporter-output>
            <line>
              <![CDATA[expected & actual user Id matched hence TC is passed]]>
            </line>
            <line>
              <![CDATA[test case is sucessed validateUserID]]>
            </line>
          </reporter-output>
        </test-method> <!-- validateUserID -->
        <test-method is-config="true" signature="logoutKite()[pri:0, instance:test_Package.TestClass_Use@1a18644]" started-at="2022-08-09T16:22:16 IST" name="logoutKite" finished-at="2022-08-09T16:22:18 IST" duration-ms="2080" status="PASS">
          <reporter-output>
          </reporter-output>
        </test-method> <!-- logoutKite -->
        <test-method is-config="true" signature="closeKite()[pri:0, instance:test_Package.TestClass_Use@1a18644]" started-at="2022-08-09T16:22:18 IST" name="closeKite" finished-at="2022-08-09T16:22:19 IST" duration-ms="499" status="PASS">
          <reporter-output>
          </reporter-output>
        </test-method> <!-- closeKite -->
      </class> <!-- test_Package.TestClass_Use -->
    </test> <!-- Default test -->
  </suite> <!-- Default suite -->
</testng-results>
